
---2025-07-17 04:20:14---
{"success":true,"rate":40.28,"last_update":"2025-07-17","cached":false}
---2025-07-17 04:23:00---
{"success":true,"rate":40.28,"last_update":"2025-07-17","cached":true}
---2025-07-17 04:53:57---
{"success":true,"rate":40.28,"last_update":"2025-07-17","cached":false}
---2025-07-17 04:55:15---
{"success":true,"rate":40.28,"last_update":"2025-07-17","cached":true}
---2025-07-17 04:55:39---
{"success":true,"rate":40.28,"last_update":"2025-07-17","cached":true}
---2025-07-17 04:56:31---
{"success":true,"rate":40.28,"last_update":"2025-07-17","cached":true}
---2025-07-17 04:56:44---
{"success":true,"rate":40.28,"last_update":"2025-07-17","cached":true}
---2025-07-17 04:57:29---
{"success":true,"rate":40.28,"last_update":"2025-07-17","cached":true}
---2025-07-17 04:57:41---
{"success":true,"rate":40.28,"last_update":"2025-07-17","cached":true}
---2025-07-17 04:58:14---
{"success":true,"rate":40.28,"last_update":"2025-07-17","cached":true}
---2025-07-17 04:58:36---
{"success":true,"rate":40.28,"last_update":"2025-07-17","cached":true}
---2025-07-17 04:58:44---
{"success":true,"rate":40.28,"last_update":"2025-07-17","cached":true}
---2025-07-17 04:59:56---
{"success":true,"rate":40.28,"last_update":"2025-07-17","cached":false}
---2025-07-17 05:00:08---
{"success":true,"rate":40.28,"last_update":"2025-07-17","cached":true}
---2025-07-17 05:00:47---
{"success":true,"rate":40.28,"last_update":"2025-07-17","cached":true}
---2025-07-17 05:01:12---
{"success":true,"rate":40.28,"last_update":"2025-07-17","cached":true}
---2025-07-17 05:02:29---
{"success":true,"rate":40.28,"last_update":"2025-07-17","cached":false}
---2025-07-17 05:02:37---
{"success":true,"rate":40.28,"last_update":"2025-07-17","cached":true}
---2025-07-17 05:07:39---
{"success":true,"rate":40.28,"last_update":"2025-07-17","cached":false}
---2025-07-17 05:09:49---
{"success":true,"rate":40.28,"last_update":"2025-07-17","cached":true}
---2025-07-17 05:12:38---
{"success":true,"rate":40.28,"last_update":"2025-07-17","cached":true}
---2025-07-17 05:17:26---
{"success":true,"rate":40.28,"last_update":"2025-07-17","cached":false}
---2025-07-17 05:49:45---
{"success":true,"rate":40.28,"last_update":"2025-07-17","cached":false}
---2025-07-17 05:54:44---
{"success":true,"rate":40.28,"last_update":"2025-07-17","cached":true}
---2025-07-17 05:59:45---
{"success":true,"rate":40.28,"last_update":"2025-07-17","cached":false}
---2025-07-17 06:04:44---
{"success":true,"rate":40.28,"last_update":"2025-07-17","cached":true}
---2025-07-17 06:09:45---
{"success":true,"rate":40.28,"last_update":"2025-07-17","cached":false}
---2025-07-17 06:14:44---
{"success":true,"rate":40.28,"last_update":"2025-07-17","cached":true}
---2025-07-17 06:17:40---
{"success":true,"rate":40.28,"last_update":"2025-07-17","cached":false}
---2025-07-17 06:17:49---
{"success":true,"rate":40.28,"last_update":"2025-07-17","cached":true}
---2025-07-17 06:18:03---
{"success":true,"rate":40.28,"last_update":"2025-07-17","cached":true}
---2025-07-17 12:40:09---
{"success":true,"rate":40.28,"last_update":"2025-07-17","cached":false}
---2025-07-17 12:40:52---
{"success":true,"rate":40.28,"last_update":"2025-07-17","cached":true}
---2025-07-17 12:41:27---
{"success":true,"rate":40.28,"last_update":"2025-07-17","cached":true}
---2025-07-17 12:42:12---
{"success":true,"rate":40.28,"last_update":"2025-07-17","cached":true}
---2025-07-17 12:47:13---
{"success":true,"rate":40.28,"last_update":"2025-07-17","cached":false}
---2025-07-17 12:52:12---
{"success":true,"rate":40.28,"last_update":"2025-07-17","cached":true}
---2025-07-17 12:57:13---
{"success":true,"rate":40.28,"last_update":"2025-07-17","cached":false}
---2025-07-17 13:02:12---
{"success":true,"rate":40.28,"last_update":"2025-07-17","cached":true}
---2025-07-17 13:07:13---
{"success":true,"rate":40.28,"last_update":"2025-07-17","cached":false}
---2025-07-17 13:12:12---
{"success":true,"rate":40.28,"last_update":"2025-07-17","cached":true}
---2025-07-17 13:17:21---
{"success":true,"rate":40.28,"last_update":"2025-07-17","cached":false}
---2025-07-17 13:22:20---
{"success":true,"rate":40.28,"last_update":"2025-07-17","cached":true}
---2025-07-17 13:27:21---
{"success":true,"rate":40.28,"last_update":"2025-07-17","cached":false}
---2025-07-17 13:32:20---
{"success":true,"rate":40.28,"last_update":"2025-07-17","cached":true}
---2025-07-17 13:37:21---
{"success":true,"rate":40.28,"last_update":"2025-07-17","cached":false}
---2025-07-17 14:27:31---
{"success":true,"rate":40.28,"last_update":"2025-07-17","cached":false}
---2025-07-17 14:32:20---
{"success":true,"rate":40.28,"last_update":"2025-07-17","cached":true}
---2025-07-17 14:36:07---
{"success":true,"rate":40.28,"last_update":"2025-07-17","cached":false}
---2025-07-17 14:40:55---
{"success":true,"rate":40.28,"last_update":"2025-07-17","cached":true}
---2025-07-17 14:45:57---
{"success":true,"rate":40.28,"last_update":"2025-07-17","cached":false}
---2025-07-17 14:50:56---
{"success":true,"rate":40.28,"last_update":"2025-07-17","cached":true}
---2025-07-17 14:55:57---
{"success":true,"rate":40.28,"last_update":"2025-07-17","cached":false}
---2025-07-17 15:00:56---
{"success":true,"rate":40.28,"last_update":"2025-07-17","cached":true}
---2025-07-17 15:05:57---
{"success":true,"rate":40.28,"last_update":"2025-07-17","cached":false}
---2025-07-17 15:10:56---
{"success":true,"rate":40.28,"last_update":"2025-07-17","cached":true}
---2025-07-17 15:16:21---
{"success":true,"rate":40.28,"last_update":"2025-07-17","cached":false}
---2025-07-17 15:37:06---
{"success":true,"rate":40.28,"last_update":"2025-07-17","cached":false}
---2025-07-18 00:03:35---
{"success":true,"message":"Gider ba\u015far\u0131yla eklendi.","expense_id":"7"}
---2025-07-18 00:03:50---
{"success":true,"message":"Gider ba\u015far\u0131yla silindi."}
---2025-07-18 00:05:10---
{"success":true,"data":{"id":4,"amount":"150.75","category_type":"degisken_gider","description":"Test Gideri - Servis","date":"2025-07-17"}}
---2025-07-18 00:05:16---
{"success":true,"message":"Gider ba\u015far\u0131yla g\u00fcncellendi."}
---2025-07-18 00:17:09---
{"success":true,"message":"Gider ba\u015far\u0131yla ertelendi."}
---2025-07-18 00:17:24---
{"success":true,"data":{"id":4,"amount":"150.76","category_type":"ertelenmis","description":"Test Gideri - Servis","date":"2025-08-17"}}
---2025-07-18 00:17:26---
{"success":true,"message":"Gider ba\u015far\u0131yla g\u00fcncellendi."}
---2025-07-18 05:14:35---
{"success":true,"data":{"id":4,"owner":"MUHAMMED VEYSEL ILGAZ","period":"4B Ba\u011fkur Vadesi Gelmeyen","principal":null,"interest":null,"total":"9036.91","payment_due":"2025-07-31","planned_payment":null,"paid":null,"remaining":null,"this_month_payment":null}}
---2025-07-18 05:29:13---
{"success":true,"data":{"id":4,"owner":"MUHAMMED VEYSEL ILGAZ","period":"4B Ba\u011fkur Vadesi Gelmeyen","principal":null,"interest":null,"total":"9036.91","payment_due":"2025-07-31","planned_payment":null,"paid":null,"remaining":null,"this_month_payment":null}}
---2025-07-18 06:34:26---
{"success":true,"data":{"id":1,"owner":"Muhammed Veysel Ilgaz","creditor":"YUNUS BAK\u0130 [FUNDA \u00d6ZER]","execution_office":"Kar\u015f\u0131yaka 4. \u0130cra Dairesi","start_date":"2025-01-01","current_debt":"201685.58","principal_debt":"168254.36","contact_info":null,"status":"A\u00e7\u0131k","planned_payment":null,"this_month_payment":null}}
---2025-07-18 07:34:03---
{"success":true,"data":{"id":1,"owner":"Muhammed Veysel Ilgaz","creditor":"YUNUS BAK\u0130 [FUNDA \u00d6ZER]","execution_office":"Kar\u015f\u0131yaka 4. \u0130cra Dairesi","start_date":"2025-01-01","current_debt":"201685.58","principal_debt":"168254.36","contact_info":null,"status":"A\u00e7\u0131k","planned_payment":null,"this_month_payment":null}}
---2025-07-18 07:35:36---
{"success":true,"data":{"id":1,"owner":"Muhammed Veysel Ilgaz","creditor":"YUNUS BAK\u0130 [FUNDA \u00d6ZER]","execution_office":"Kar\u015f\u0131yaka 4. \u0130cra Dairesi","start_date":"2025-01-01","current_debt":"201685.58","principal_debt":"168254.36","contact_info":null,"status":"A\u00e7\u0131k","planned_payment":null,"this_month_payment":null}}
---2025-07-18 07:36:51---
{"success":true,"data":{"id":1,"owner":"Muhammed Veysel Ilgaz","creditor":"YUNUS BAK\u0130 [FUNDA \u00d6ZER]","execution_office":"Kar\u015f\u0131yaka 4. \u0130cra Dairesi","start_date":"2025-01-01","current_debt":"201685.58","principal_debt":"168254.36","contact_info":null,"status":"A\u00e7\u0131k","planned_payment":null,"this_month_payment":null}}
---2025-07-18 07:36:59---
{"success":true,"data":{"id":1,"owner":"Muhammed Veysel Ilgaz","creditor":"YUNUS BAK\u0130 [FUNDA \u00d6ZER]","execution_office":"Kar\u015f\u0131yaka 4. \u0130cra Dairesi","start_date":"2025-01-01","current_debt":"201685.58","principal_debt":"168254.36","contact_info":null,"status":"A\u00e7\u0131k","planned_payment":null,"this_month_payment":null}}
---2025-07-18 07:38:06---
{"success":true,"data":{"id":1,"owner":"Muhammed Veysel Ilgaz","creditor":"YUNUS BAK\u0130 [FUNDA \u00d6ZER]","execution_office":"Kar\u015f\u0131yaka 4. \u0130cra Dairesi","start_date":"2025-01-01","current_debt":"201685.58","principal_debt":"168254.36","contact_info":null,"status":"A\u00e7\u0131k","planned_payment":null,"this_month_payment":null}}
---2025-07-18 07:39:38---
{"success":true,"data":{"id":1,"owner":"Muhammed Veysel Ilgaz","creditor":"YUNUS BAK\u0130 [FUNDA \u00d6ZER]","execution_office":"Kar\u015f\u0131yaka 4. \u0130cra Dairesi","start_date":"2025-01-01","current_debt":"201685.58","principal_debt":"168254.36","contact_info":null,"status":"A\u00e7\u0131k","planned_payment":null,"this_month_payment":null}}
---2025-07-18 08:03:46---
{"success":true,"message":"Gider ba\u015far\u0131yla ertelendi."}
---2025-07-18 08:04:04---
{"success":true,"data":{"id":1,"owner":"Muhammed Veysel Ilgaz","creditor":"YUNUS BAK\u0130 [FUNDA \u00d6ZER]","execution_office":"Kar\u015f\u0131yaka 4. \u0130cra Dairesi","start_date":"2025-01-01","current_debt":"201685.58","principal_debt":"168254.36","contact_info":null,"status":"A\u00e7\u0131k","planned_payment":null,"this_month_payment":null}}
---2025-07-18 08:04:19---
{"success":true,"data":{"id":1,"owner":"Muhammed Veysel Ilgaz","creditor":"YUNUS BAK\u0130 [FUNDA \u00d6ZER]","execution_office":"Kar\u015f\u0131yaka 4. \u0130cra Dairesi","start_date":"2025-01-01","current_debt":"201685.58","principal_debt":"168254.36","contact_info":null,"status":"A\u00e7\u0131k","planned_payment":null,"this_month_payment":null}}
---2025-07-18 08:04:49---
{"success":true,"data":{"id":1,"owner":"Muhammed Veysel Ilgaz","creditor":"YUNUS BAK\u0130 [FUNDA \u00d6ZER]","execution_office":"Kar\u015f\u0131yaka 4. \u0130cra Dairesi","start_date":"2025-01-01","current_debt":"201685.58","principal_debt":"168254.36","contact_info":null,"status":"A\u00e7\u0131k","planned_payment":null,"this_month_payment":null}}
---2025-07-18 08:06:53---
{"success":true,"data":{"id":1,"owner":"Muhammed Veysel Ilgaz","creditor":"YUNUS BAK\u0130 [FUNDA \u00d6ZER]","execution_office":"Kar\u015f\u0131yaka 4. \u0130cra Dairesi","start_date":"2025-01-01","current_debt":"201685.58","principal_debt":"168254.36","contact_info":null,"status":"A\u00e7\u0131k","planned_payment":null,"this_month_payment":null}}
---2025-07-18 08:10:25---
{"success":true,"data":{"id":1,"owner":"Muhammed Veysel Ilgaz","creditor":"YUNUS BAK\u0130 [FUNDA \u00d6ZER]","execution_office":"Kar\u015f\u0131yaka 4. \u0130cra Dairesi","start_date":"2025-01-01","current_debt":"201685.58","principal_debt":"168254.36","contact_info":null,"status":"A\u00e7\u0131k","planned_payment":null,"this_month_payment":null}}
---2025-07-18 08:10:44---
{"success":true,"data":{"id":1,"owner":"Muhammed Veysel Ilgaz","creditor":"YUNUS BAK\u0130 [FUNDA \u00d6ZER]","execution_office":"Kar\u015f\u0131yaka 4. \u0130cra Dairesi","start_date":"2025-01-01","current_debt":"201685.58","principal_debt":"168254.36","contact_info":null,"status":"A\u00e7\u0131k","planned_payment":null,"this_month_payment":null}}
---2025-07-18 08:11:07---
{"success":true,"data":{"id":3,"owner":"Muhammed Veysel Ilgaz","creditor":"RECOM ALACAK Y\u00d6NET\u0130M VE DANI\u015eMANLIK H\u0130ZMETLER\u0130 ANON\u0130M \u015e\u0130RKET\u0130 [MAHMUT FIRAT]","execution_office":"\u0130stanbul 28. \u0130cra Dairesi","start_date":"2025-01-01","current_debt":"7693.78","principal_debt":"4397.12","contact_info":null,"status":"A\u00e7\u0131k","planned_payment":null,"this_month_payment":null}}
---2025-07-18 09:50:14---
{"success":true,"data":{"id":13,"amount":"50.00","category_type":"ani_ekstra","description":"Silinecek Gider","date":"2025-07-18"}}
---2025-07-19 04:34:51---
{"success":true,"data":{"id":4,"owner":"MUHAMMED VEYSEL ILGAZ","period":"4B Ba\u011fkur Vadesi Gelmeyen","principal":null,"interest":null,"total":"9036.91","payment_due":"2025-07-31","planned_payment":null,"paid":null,"remaining":null,"this_month_payment":null}}
---2025-07-19 04:37:30---
{"success":true,"data":{"id":10,"amount":"50.00","category_type":"ani_ekstra","description":"Silinecek Gider","date":"2025-07-18"}}
---2025-07-19 04:37:58---
{"success":true,"data":{"id":4,"amount":"150.76","category_type":"ertelenmis","description":"Test Gideri - Servis","date":"2035-08-17"}}
---2025-07-19 04:38:04---
{"success":true,"data":{"id":4,"amount":"150.76","category_type":"ertelenmis","description":"Test Gideri - Servis","date":"2035-08-17"}}
---2025-07-19 04:38:13---
{"success":true,"data":{"id":1,"owner":"Muhammed Veysel Ilgaz","creditor":"YUNUS BAK\u0130 [FUNDA \u00d6ZER]","execution_office":"Kar\u015f\u0131yaka 4. \u0130cra Dairesi","start_date":"2025-01-01","current_debt":"201685.58","principal_debt":"168254.36","contact_info":null,"status":"A\u00e7\u0131k","planned_payment":null,"this_month_payment":null}}
---2025-07-19 04:40:36---
{"success":true,"data":{"id":74,"owner":"RentAkar","period":"2023\/01-2023\/12","principal":"11800.00","interest":"0.00","total":"11800.00","payment_due":"2024-11-09","planned_payment":null,"paid":null,"remaining":null,"this_month_payment":null}}
---2025-07-19 04:44:34---
{"success":true,"data":{"id":2,"item_name":"\u00c7al\u0131\u015fma Masas\u0131","wishlist_type":"ihtiyac","image_url":null,"product_link":null,"price":"2500.00","priority":8,"progress":null,"created_at":"2025-07-16 07:06:03","status":"beklemede","notes":null,"price_range":null,"is_urgent":0,"purchase_date":null,"updated_at":"2025-07-16 07:06:15"}}
---2025-07-19 04:47:23---
{"success":true,"message":"Gider ba\u015far\u0131yla silindi."}
---2025-07-19 04:47:31---
{"success":true,"message":"Gider ba\u015far\u0131yla silindi."}
---2025-07-20 18:20:47---
{"success":true,"rate":40.4,"last_update":"2025-07-20","cached":false}
---2025-07-20 19:37:26---
{"success":true,"message":"Gider ba\u015far\u0131yla silindi."}
---2025-07-20 19:37:34---
{"success":true,"message":"Gider ba\u015far\u0131yla silindi."}
---2025-07-20 19:38:10---
{"success":true,"message":"Gider ba\u015far\u0131yla eklendi.","expense_id":"17"}
---2025-07-20 19:38:20---
{"success":true,"message":"Gider ba\u015far\u0131yla silindi."}
---2025-07-20 19:38:23---
{"success":true,"message":"Gider ba\u015far\u0131yla silindi."}
---2025-07-20 19:38:25---
{"success":true,"message":"Gider ba\u015far\u0131yla silindi."}
---2025-07-20 19:53:12---
{"success":true,"rate":40.4,"last_update":"2025-07-20","cached":false}
---2025-07-20 22:11:45---
{"success":true,"data":{"id":11,"amount":"150.75","category_type":"degisken_gider","description":"Test Gideri - De\u011fi\u015fken","date":"2025-07-18"}}
---2025-07-20 22:11:51---
{"success":true,"message":"Gider ba\u015far\u0131yla silindi."}
---2025-07-20 22:12:00---
{"success":true,"message":"Gider ba\u015far\u0131yla silindi."}
---2025-07-20 22:40:08---
{"success":true,"data":{"id":7,"item_name":"Sa\u00e7 Spreyi","wishlist_type":"ihtiyac","image_url":"http:\/\/www.ggle.cm","product_link":"http:\/\/www.ggle.cm","price":"0.00","priority":1,"progress":"0.00","created_at":"2025-07-20 20:50:47","status":"beklemede","notes":null,"price_range":null,"is_urgent":0,"purchase_date":null,"updated_at":"2025-07-20 20:50:47"}}
---2025-07-20 22:57:34---
{"success":true,"data":{"id":205,"owner":"Timdesigners","period":"2019\/01-2019\/03","principal":"1731.05","interest":"0.00","total":"1731.05","payment_due":"2020-04-01","planned_payment":null,"paid":null,"remaining":null,"this_month_payment":null}}
---2025-07-20 23:49:04---
{"success":true,"rate":40.4,"last_update":"2025-07-20","cached":false}
---2025-07-20 23:49:13---
{"success":true,"rate":40.4,"last_update":"2025-07-20","cached":true}
---2025-07-20 23:49:24---
{"success":true,"rate":40.4,"last_update":"2025-07-20","cached":true}
---2025-07-20 23:49:35---
{"success":true,"rate":40.4,"last_update":"2025-07-20","cached":true}
---2025-07-20 23:54:03---
{"success":true,"rate":40.4,"last_update":"2025-07-20","cached":true}
---2025-07-20 23:54:13---
{"success":true,"rate":40.4,"last_update":"2025-07-20","cached":false}
---2025-07-20 23:54:24---
{"success":true,"rate":40.4,"last_update":"2025-07-20","cached":true}
---2025-07-21 00:02:37---
{"success":true,"message":"Gider ba\u015far\u0131yla eklendi.","expense_id":"18"}
---2025-07-21 00:02:45---
{"success":true,"message":"Gider ba\u015far\u0131yla silindi."}
---2025-07-21 00:04:45---
{"success":true,"message":"Gider ba\u015far\u0131yla eklendi.","expense_id":"19"}
---2025-07-21 00:04:48---
{"success":true,"data":{"id":17,"amount":"24000.00","category_type":"sabit_gider","description":"Kira","date":"2025-08-08"}}
---2025-07-21 00:04:53---
{"success":true,"message":"Gider ba\u015far\u0131yla g\u00fcncellendi."}
---2025-07-21 00:04:56---
{"success":true,"data":{"id":19,"amount":"205.00","category_type":"sabit_gider","description":"Google One Aboneli\u011fi","date":"2025-08-08"}}
---2025-07-21 00:04:59---
{"success":true,"message":"Gider ba\u015far\u0131yla g\u00fcncellendi."}
---2025-07-21 00:05:31---
{"success":true,"data":{"id":18,"amount":"34.56","category_type":"ani_ekstra","description":"Emlak Komisyonu","date":"2025-08-07"}}
---2025-07-21 00:05:41---
{"success":true,"message":"Gider ba\u015far\u0131yla g\u00fcncellendi."}
---2025-07-21 00:31:17---
{"success":true,"rate":40.4,"last_update":"2025-07-20","cached":false}